C51 COMPILER V9.54   AT24C02                                                               12/05/2023 13:53:08 PAGE 1   


C51 COMPILER V9.54, COMPILATION OF MODULE AT24C02
OBJECT MODULE PLACED IN .\Objects\AT24C02.obj
COMPILER INVOKED BY: E:\software\Keil_v5\C51\BIN\C51.EXE AT24C02.c COMPACT ROM(COMPACT) OPTIMIZE(8,SPEED) BROWSE DEBUG O
                    -BJECTEXTEND PRINT(.\Listings\AT24C02.lst) TABS(2) OBJECT(.\Objects\AT24C02.obj)

line level    source

   1          #include <REGX52.H>
   2          #include "I2C.h"
   3          //注意要连EEPROM SCL->P21 SDA->P20
   4          #define AT24C02_ADDRESS 0xA0  //固定地址
   5          
   6          /**
   7            * @brief AT24C02写入一个字节
   8            * @param WordAddress 要写入字节的地址 Data 要写入的数据
   9            * @retval
  10          */
  11          void AT24C02_WriteByte(unsigned char WordAddress,Data){
  12   1        I2C_Start();
  13   1        I2C_SendByte(AT24C02_ADDRESS);
  14   1        I2C_ReceiveAck();
  15   1        I2C_SendByte(WordAddress);
  16   1        I2C_ReceiveAck();
  17   1        I2C_SendByte(Data);
  18   1        I2C_ReceiveAck();
  19   1        I2C_Stop();
  20   1      }
  21          
  22          /**
  23            * @brief AT24C02读入一个字节
  24            * @param WordAddress 读入字节的地址
  25            * @retval 要写入的数据
  26          */
  27          char AT24C02_ReadByte(unsigned char WordAddress){
  28   1        unsigned char Data;
  29   1        I2C_Start();
  30   1        I2C_SendByte(AT24C02_ADDRESS);  
  31   1        I2C_ReceiveAck();
  32   1        I2C_SendByte(WordAddress);
  33   1        I2C_ReceiveAck();
  34   1        I2C_Start();//接受应答完了后再开
  35   1        I2C_SendByte(AT24C02_ADDRESS|0x01);  //请求读
  36   1        I2C_ReceiveAck();
  37   1        Data=I2C_ReceiveByte(); 
  38   1        //发送应答
  39   1        I2C_SendAck(1);
  40   1        I2C_Stop(); 
  41   1        return Data;
  42   1      
  43   1      }


MODULE INFORMATION:   STATIC OVERLAYABLE
   CODE SIZE        =    101    ----
   CONSTANT SIZE    =   ----    ----
   XDATA SIZE       =   ----    ----
   PDATA SIZE       =   ----       5
   DATA SIZE        =   ----    ----
   IDATA SIZE       =   ----    ----
   BIT SIZE         =   ----    ----
END OF MODULE INFORMATION.

C51 COMPILER V9.54   AT24C02                                                               12/05/2023 13:53:08 PAGE 2   


C51 COMPILATION COMPLETE.  0 WARNING(S),  0 ERROR(S)
