C51 COMPILER V9.54   DS18B20                                                               12/05/2023 13:53:09 PAGE 1   


C51 COMPILER V9.54, COMPILATION OF MODULE DS18B20
OBJECT MODULE PLACED IN .\Objects\DS18B20.obj
COMPILER INVOKED BY: E:\software\Keil_v5\C51\BIN\C51.EXE DS18B20.c COMPACT ROM(COMPACT) OPTIMIZE(8,SPEED) BROWSE DEBUG O
                    -BJECTEXTEND PRINT(.\Listings\DS18B20.lst) TABS(2) OBJECT(.\Objects\DS18B20.obj)

line level    source

   1          #include <REGX52.H>
   2          #include "OneWire.h"
   3          
   4          #define DS18B20_SKIP_ROM 0xCC
   5          #define DS18B20_CONVERT_T 0x44
   6          #define DS18B20_READ_SCRATCHPAD 0xBE
   7          
   8          void DS18B20_ConverT(){
   9   1        OneWire_Init();
  10   1        OneWire_SendByte(DS18B20_SKIP_ROM);
  11   1        OneWire_SendByte(DS18B20_CONVERT_T);
  12   1      }
  13          float DS18B20_ReadT(){
  14   1        unsigned char TLSB,TMSB;
  15   1        int Temp;
  16   1        float T;
  17   1        OneWire_Init();
  18   1        OneWire_SendByte(DS18B20_SKIP_ROM);
  19   1        OneWire_SendByte(DS18B20_READ_SCRATCHPAD);
  20   1        TLSB=OneWire_ReceiveByte();
  21   1          TMSB=OneWire_ReceiveByte();
  22   1        Temp=(TMSB<<8)|TLSB;
  23   1        //左移1位相当于*2  所以现在右移回去就是/16
  24   1        T=Temp/16.0;
  25   1        return T;
  26   1      }


MODULE INFORMATION:   STATIC OVERLAYABLE
   CODE SIZE        =     61    ----
   CONSTANT SIZE    =   ----    ----
   XDATA SIZE       =   ----    ----
   PDATA SIZE       =   ----       1
   DATA SIZE        =   ----    ----
   IDATA SIZE       =   ----    ----
   BIT SIZE         =   ----    ----
END OF MODULE INFORMATION.


C51 COMPILATION COMPLETE.  0 WARNING(S),  0 ERROR(S)
