C51 COMPILER V9.54   MATRIXKEY                                                             12/05/2023 13:54:40 PAGE 1   


C51 COMPILER V9.54, COMPILATION OF MODULE MATRIXKEY
OBJECT MODULE PLACED IN .\Objects\MatrixKey.obj
COMPILER INVOKED BY: E:\software\Keil_v5\C51\BIN\C51.EXE MatrixKey.c COMPACT ROM(COMPACT) OPTIMIZE(8,SPEED) BROWSE DEBUG
                    - OBJECTEXTEND PRINT(.\Listings\MatrixKey.lst) TABS(2) OBJECT(.\Objects\MatrixKey.obj)

line level    source

   1          #include<REGX52.H>
   2          #include "Delay.h"
   3          
   4          //P00-P07->L4-H1
   5          //将P1用K1代替
   6          #define K1 P0
   7          //注意sbit仅仅用于 单个引脚
   8          sbit K1_0=P0^0;
   9          sbit K1_1=P0^1;
  10          sbit K1_2=P0^2;
  11          sbit K1_3=P0^3;
  12          sbit K1_4=P0^4;
  13          sbit K1_5=P0^5;
  14          sbit K1_6=P0^6;
  15          sbit K1_7=P0^7;
  16          
  17          //按列扫描  图在51单片机入门_灰海宽松 K33
  18          unsigned char MatrixKey(){
  19   1      
  20   1        unsigned char KeyNumber=0;
  21   1        
  22   1        
  23   1        //扫描第一列
  24   1        //初始化一下
  25   1        K1=0xFF;
  26   1        //设13端口位 低电平（输入一个低电平 什么位置输出了也是低电平就是谁）
  27   1        K1_3=0;
  28   1        if(K1_7==0){Delayms(20);while(K1_7==0);Delayms(20);
  29   2          //S1被按下
  30   2          KeyNumber=1;
  31   2        }
  32   1        if(K1_6==0){Delayms(20);while(K1_6==0);Delayms(20);KeyNumber=5;}
  33   1        if(K1_5==0){Delayms(20);while(K1_5==0);Delayms(20);KeyNumber=9;}
  34   1        if(K1_4==0){Delayms(20);while(K1_4==0);Delayms(20);KeyNumber=13;}
  35   1        
  36   1        
  37   1        //扫描第二列
  38   1          K1=0xFF;
  39   1          K1_2=0;
  40   1        if(K1_7==0){Delayms(20);while(K1_7==0);Delayms(20);KeyNumber=2;}
  41   1        if(K1_6==0){Delayms(20);while(K1_6==0);Delayms(20);KeyNumber=6;}
  42   1        if(K1_5==0){Delayms(20);while(K1_5==0);Delayms(20);KeyNumber=10;}
  43   1        if(K1_4==0){Delayms(20);while(K1_4==0);Delayms(20);KeyNumber=14;}
  44   1        
  45   1          K1=0xFF;
  46   1            K1_1=0;
  47   1        if(K1_7==0){Delayms(20);while(K1_7==0);Delayms(20);KeyNumber=3;}
  48   1        if(K1_6==0){Delayms(20);while(K1_6==0);Delayms(20);KeyNumber=7;}
  49   1        if(K1_5==0){Delayms(20);while(K1_5==0);Delayms(20);KeyNumber=11;}
  50   1        if(K1_4==0){Delayms(20);while(K1_4==0);Delayms(20);KeyNumber=15;}
  51   1        
  52   1          K1=0xFF;
  53   1              K1_0=0;
  54   1        if(K1_7==0){Delayms(20);while(K1_7==0);Delayms(20);KeyNumber=4;}
C51 COMPILER V9.54   MATRIXKEY                                                             12/05/2023 13:54:40 PAGE 2   

  55   1        if(K1_6==0){Delayms(20);while(K1_6==0);Delayms(20);KeyNumber=8;}
  56   1        if(K1_5==0){Delayms(20);while(K1_5==0);Delayms(20);KeyNumber=12;}
  57   1        if(K1_4==0){Delayms(20);while(K1_4==0);Delayms(20);KeyNumber=16;}
  58   1        
  59   1        return KeyNumber;
  60   1      
  61   1      
  62   1      }


MODULE INFORMATION:   STATIC OVERLAYABLE
   CODE SIZE        =    428    ----
   CONSTANT SIZE    =   ----    ----
   XDATA SIZE       =   ----    ----
   PDATA SIZE       =   ----       1
   DATA SIZE        =   ----    ----
   IDATA SIZE       =   ----    ----
   BIT SIZE         =   ----    ----
END OF MODULE INFORMATION.


C51 COMPILATION COMPLETE.  0 WARNING(S),  0 ERROR(S)
