C51 COMPILER V9.54   TIMER0                                                                12/05/2023 13:53:09 PAGE 1   


C51 COMPILER V9.54, COMPILATION OF MODULE TIMER0
OBJECT MODULE PLACED IN .\Objects\Timer0.obj
COMPILER INVOKED BY: E:\software\Keil_v5\C51\BIN\C51.EXE Timer0.c COMPACT ROM(COMPACT) OPTIMIZE(8,SPEED) BROWSE DEBUG OB
                    -JECTEXTEND PRINT(.\Listings\Timer0.lst) TABS(2) OBJECT(.\Objects\Timer0.obj)

line level    source

   1          #include <REGX52.H>
   2          #include "Timer0.h"
   3          
   4          void Timer0Init(void)   //1毫秒@12.000MHz
   5          {
   6   1        TMOD &= 0xF0;   //设置定时器模式
   7   1        TMOD |= 0x01;   //设置定时器模式
   8   1        TL0 = 0x18;   //设置定时初值
   9   1        TH0 = 0xFC;   //设置定时初值
  10   1        TF0 = 0;    //清除TF0标志
  11   1        TR0 = 1;    //定时器0开始计时
  12   1        //配置中断 根据电路图 打开ET0开关
  13   1        ET0=1;
  14   1        EA=1;
  15   1        PT0=0; //这个双路开关拨到下面
  16   1      }
  17          
  18          /*
  19          模板
  20          void Time0_DaoL() interrupt 1{  //定时器0的中断号是1
  21          //每次中断初始化
  22            static unsigned int T0count=0;
  23            TL0 = 0x18;   //设置定时初值
  24            TH0 = 0xFC;   //设置定时初值
  25            T0count++;
  26          
  27          
  28            if(T0count>=1000){
  29              T0count=0;
  30              D1=~D1;
  31            }
  32          
  33          }
  34          */


MODULE INFORMATION:   STATIC OVERLAYABLE
   CODE SIZE        =     23    ----
   CONSTANT SIZE    =   ----    ----
   XDATA SIZE       =   ----    ----
   PDATA SIZE       =   ----    ----
   DATA SIZE        =   ----    ----
   IDATA SIZE       =   ----    ----
   BIT SIZE         =   ----    ----
END OF MODULE INFORMATION.


C51 COMPILATION COMPLETE.  0 WARNING(S),  0 ERROR(S)
